c:\uni\comp3015\project_template\x64\debug\vc143.pdb
c:\uni\comp3015\project_template\x64\debug\vc143.idb
c:\uni\comp3015\project_template\x64\debug\scenebasic_uniform.obj
c:\uni\comp3015\project_template\x64\debug\main.obj
c:\uni\comp3015\project_template\x64\debug\glad.obj
c:\uni\comp3015\project_template\x64\debug\glutils.obj
c:\uni\comp3015\project_template\x64\debug\glslprogram.obj
c:\uni\comp3015\project_template\x64\debug\error_handling.obj
c:\uni\comp3015\project_template\x64\debug\errorhandling.obj
c:\uni\comp3015\project_template\x64\debug\project_template.exe
c:\uni\comp3015\project_template\x64\debug\project_template.ilk
c:\uni\comp3015\project_template\x64\debug\project_template.pdb
c:\uni\comp3015\project_template\x64\debug\vc142.idb
c:\uni\comp3015\project_template\x64\debug\vc142.pdb
c:\uni\comp3015\project_template\x64\debug\project_template.tlog\cl.command.1.tlog
c:\uni\comp3015\project_template\x64\debug\project_template.tlog\cl.read.1.tlog
c:\uni\comp3015\project_template\x64\debug\project_template.tlog\cl.write.1.tlog
c:\uni\comp3015\project_template\x64\debug\project_template.tlog\link.command.1.tlog
c:\uni\comp3015\project_template\x64\debug\project_template.tlog\link.read.1.tlog
c:\uni\comp3015\project_template\x64\debug\project_template.tlog\link.write.1.tlog
